<?xml version="1.0" encoding="UTF-8"?>
<testsuite xmlns:xsi="http://www.w3.org/2001/XMLSchema-instance" xsi:noNamespaceSchemaLocation="https://maven.apache.org/surefire/maven-surefire-plugin/xsd/surefire-test-report.xsd" name="TestSuite" time="48.468" tests="1" errors="0" skipped="0" failures="0">
  <properties>
    <property name="sun.desktop" value="windows"/>
    <property name="awt.toolkit" value="sun.awt.windows.WToolkit"/>
    <property name="file.encoding.pkg" value="sun.io"/>
    <property name="java.specification.version" value="1.8"/>
    <property name="sun.cpu.isalist" value="amd64"/>
    <property name="sun.jnu.encoding" value="GBK"/>
    <property name="java.class.path" value="D:\workspace\workhard\target\test-classes;D:\workspace\workhard\target\classes;D:\Program Files\Git\repository2\junit\junit\4.12\junit-4.12.jar;D:\Program Files\Git\repository2\org\hamcrest\hamcrest-core\1.3\hamcrest-core-1.3.jar;D:\Program Files\Git\repository2\org\seleniumhq\selenium\selenium-java\3.4.0\selenium-java-3.4.0.jar;D:\Program Files\Git\repository2\org\seleniumhq\selenium\selenium-api\3.4.0\selenium-api-3.4.0.jar;D:\Program Files\Git\repository2\org\seleniumhq\selenium\selenium-chrome-driver\3.4.0\selenium-chrome-driver-3.4.0.jar;D:\Program Files\Git\repository2\org\seleniumhq\selenium\selenium-edge-driver\3.4.0\selenium-edge-driver-3.4.0.jar;D:\Program Files\Git\repository2\org\seleniumhq\selenium\selenium-firefox-driver\3.4.0\selenium-firefox-driver-3.4.0.jar;D:\Program Files\Git\repository2\org\seleniumhq\selenium\selenium-ie-driver\3.4.0\selenium-ie-driver-3.4.0.jar;D:\Program Files\Git\repository2\org\seleniumhq\selenium\selenium-opera-driver\3.4.0\selenium-opera-driver-3.4.0.jar;D:\Program Files\Git\repository2\org\seleniumhq\selenium\selenium-remote-driver\3.4.0\selenium-remote-driver-3.4.0.jar;D:\Program Files\Git\repository2\org\seleniumhq\selenium\selenium-safari-driver\3.4.0\selenium-safari-driver-3.4.0.jar;D:\Program Files\Git\repository2\org\seleniumhq\selenium\selenium-support\3.4.0\selenium-support-3.4.0.jar;D:\Program Files\Git\repository2\cglib\cglib-nodep\3.2.4\cglib-nodep-3.2.4.jar;D:\Program Files\Git\repository2\org\apache\commons\commons-exec\1.3\commons-exec-1.3.jar;D:\Program Files\Git\repository2\org\apache\commons\commons-lang3\3.5\commons-lang3-3.5.jar;D:\Program Files\Git\repository2\commons-codec\commons-codec\1.10\commons-codec-1.10.jar;D:\Program Files\Git\repository2\commons-io\commons-io\2.5\commons-io-2.5.jar;D:\Program Files\Git\repository2\commons-logging\commons-logging\1.2\commons-logging-1.2.jar;D:\Program Files\Git\repository2\org\w3c\css\sac\1.3\sac-1.3.jar;D:\Program Files\Git\repository2\net\sourceforge\cssparser\cssparser\0.9.22\cssparser-0.9.22.jar;D:\Program Files\Git\repository2\com\google\code\gson\gson\2.8.0\gson-2.8.0.jar;D:\Program Files\Git\repository2\com\google\guava\guava\21.0\guava-21.0.jar;D:\Program Files\Git\repository2\net\sourceforge\htmlunit\htmlunit\2.26\htmlunit-2.26.jar;D:\Program Files\Git\repository2\net\sourceforge\htmlunit\htmlunit-core-js\2.26\htmlunit-core-js-2.26.jar;D:\Program Files\Git\repository2\net\sourceforge\htmlunit\neko-htmlunit\2.25\neko-htmlunit-2.25.jar;D:\Program Files\Git\repository2\org\apache\httpcomponents\httpclient\4.5.3\httpclient-4.5.3.jar;D:\Program Files\Git\repository2\org\apache\httpcomponents\httpcore\4.4.6\httpcore-4.4.6.jar;D:\Program Files\Git\repository2\org\apache\httpcomponents\httpmime\4.5.3\httpmime-4.5.3.jar;D:\Program Files\Git\repository2\org\eclipse\jetty\jetty-io\9.4.1.v20170120\jetty-io-9.4.1.v20170120.jar;D:\Program Files\Git\repository2\org\eclipse\jetty\jetty-util\9.4.1.v20170120\jetty-util-9.4.1.v20170120.jar;D:\Program Files\Git\repository2\net\java\dev\jna\jna-platform\4.1.0\jna-platform-4.1.0.jar;D:\Program Files\Git\repository2\com\codeborne\phantomjsdriver\1.4.0\phantomjsdriver-1.4.0.jar;D:\Program Files\Git\repository2\org\seleniumhq\selenium\htmlunit-driver\2.26\htmlunit-driver-2.26.jar;D:\Program Files\Git\repository2\javax\servlet\javax.servlet-api\3.1.0\javax.servlet-api-3.1.0.jar;D:\Program Files\Git\repository2\org\eclipse\jetty\websocket\websocket-api\9.4.3.v20170317\websocket-api-9.4.3.v20170317.jar;D:\Program Files\Git\repository2\org\eclipse\jetty\websocket\websocket-client\9.4.3.v20170317\websocket-client-9.4.3.v20170317.jar;D:\Program Files\Git\repository2\org\eclipse\jetty\jetty-client\9.4.3.v20170317\jetty-client-9.4.3.v20170317.jar;D:\Program Files\Git\repository2\org\eclipse\jetty\jetty-http\9.4.3.v20170317\jetty-http-9.4.3.v20170317.jar;D:\Program Files\Git\repository2\org\eclipse\jetty\websocket\websocket-common\9.4.3.v20170317\websocket-common-9.4.3.v20170317.jar;D:\Program Files\Git\repository2\xalan\serializer\2.7.2\serializer-2.7.2.jar;D:\Program Files\Git\repository2\xalan\xalan\2.7.2\xalan-2.7.2.jar;D:\Program Files\Git\repository2\xerces\xercesImpl\2.11.0\xercesImpl-2.11.0.jar;D:\Program Files\Git\repository2\xml-apis\xml-apis\1.4.01\xml-apis-1.4.01.jar;D:\Program Files\Git\repository2\commons-dbutils\commons-dbutils\1.6\commons-dbutils-1.6.jar;D:\Program Files\Git\repository2\com\alibaba\fastjson\1.2.54\fastjson-1.2.54.jar;D:\Program Files\Git\repository2\org\apache\logging\log4j\log4j-api\2.10.0\log4j-api-2.10.0.jar;D:\Program Files\Git\repository2\org\apache\logging\log4j\log4j-core\2.10.0\log4j-core-2.10.0.jar;D:\Program Files\Git\repository2\org\apache\poi\poi-ooxml\3.17\poi-ooxml-3.17.jar;D:\Program Files\Git\repository2\org\apache\poi\poi\3.17\poi-3.17.jar;D:\Program Files\Git\repository2\org\apache\commons\commons-collections4\4.1\commons-collections4-4.1.jar;D:\Program Files\Git\repository2\org\apache\poi\poi-ooxml-schemas\3.17\poi-ooxml-schemas-3.17.jar;D:\Program Files\Git\repository2\org\apache\xmlbeans\xmlbeans\2.6.0\xmlbeans-2.6.0.jar;D:\Program Files\Git\repository2\stax\stax-api\1.0.1\stax-api-1.0.1.jar;D:\Program Files\Git\repository2\com\github\virtuald\curvesapi\1.04\curvesapi-1.04.jar;D:\Program Files\Git\repository2\net\java\dev\jna\jna\4.1.0\jna-4.1.0.jar;D:\Program Files\Git\repository2\org\testng\testng\6.14.2\testng-6.14.2.jar;D:\Program Files\Git\repository2\com\beust\jcommander\1.72\jcommander-1.72.jar;D:\Program Files\Git\repository2\org\apache-extras\beanshell\bsh\2.0b6\bsh-2.0b6.jar;D:\Program Files\Git\repository2\io\qameta\allure\allure-testng\2.6.0\allure-testng-2.6.0.jar;D:\Program Files\Git\repository2\io\qameta\allure\allure-descriptions-javadoc\2.6.0\allure-descriptions-javadoc-2.6.0.jar;D:\Program Files\Git\repository2\io\qameta\allure\allure-java-commons\2.6.0\allure-java-commons-2.6.0.jar;D:\Program Files\Git\repository2\io\qameta\allure\allure2-model-api\1.0-BETA6\allure2-model-api-1.0-BETA6.jar;D:\Program Files\Git\repository2\io\qameta\allure\allure2-model-pojo\1.0-BETA6\allure2-model-pojo-1.0-BETA6.jar;D:\Program Files\Git\repository2\org\apache\tika\tika-core\1.14\tika-core-1.14.jar;D:\Program Files\Git\repository2\io\qameta\allure\allure2-model-jackson\1.0-BETA6\allure2-model-jackson-1.0-BETA6.jar;D:\Program Files\Git\repository2\com\fasterxml\jackson\core\jackson-databind\2.7.0\jackson-databind-2.7.0.jar;D:\Program Files\Git\repository2\com\fasterxml\jackson\core\jackson-annotations\2.7.0\jackson-annotations-2.7.0.jar;D:\Program Files\Git\repository2\com\fasterxml\jackson\core\jackson-core\2.7.0\jackson-core-2.7.0.jar;D:\Program Files\Git\repository2\com\fasterxml\jackson\module\jackson-module-jaxb-annotations\2.7.0\jackson-module-jaxb-annotations-2.7.0.jar;D:\Program Files\Git\repository2\org\aspectj\aspectjrt\1.8.10\aspectjrt-1.8.10.jar;D:\Program Files\Git\repository2\org\jooq\joor\0.9.6\joor-0.9.6.jar;D:\Program Files\Git\repository2\org\slf4j\slf4j-simple\1.7.25\slf4j-simple-1.7.25.jar;D:\Program Files\Git\repository2\org\slf4j\slf4j-api\1.7.25\slf4j-api-1.7.25.jar;D:\Program Files\Git\repository2\io\appium\java-client\3.3.0\java-client-3.3.0.jar;D:\Program Files\Git\repository2\cglib\cglib\3.1\cglib-3.1.jar;D:\Program Files\Git\repository2\org\ow2\asm\asm\4.2\asm-4.2.jar;D:\Program Files\Git\repository2\commons-validator\commons-validator\1.4.1\commons-validator-1.4.1.jar;D:\Program Files\Git\repository2\commons-beanutils\commons-beanutils\1.8.3\commons-beanutils-1.8.3.jar;D:\Program Files\Git\repository2\commons-digester\commons-digester\1.8.1\commons-digester-1.8.1.jar;D:\Program Files\Git\repository2\commons-collections\commons-collections\3.2.1\commons-collections-3.2.1.jar;D:\Program Files\Git\repository2\org\apache\maven\surefire\surefire-testng-utils\2.22.0\surefire-testng-utils-2.22.0.jar;D:\Program Files\Git\repository2\org\apache\maven\surefire\surefire-grouper\2.22.0\surefire-grouper-2.22.0.jar;"/>
    <property name="java.vm.vendor" value="Oracle Corporation"/>
    <property name="sun.arch.data.model" value="64"/>
    <property name="user.variant" value=""/>
    <property name="java.vendor.url" value="http://java.oracle.com/"/>
    <property name="user.timezone" value="Asia/Shanghai"/>
    <property name="java.vm.specification.version" value="1.8"/>
    <property name="os.name" value="Windows 10"/>
    <property name="user.country" value="CN"/>
    <property name="sun.java.launcher" value="SUN_STANDARD"/>
    <property name="sun.boot.library.path" value="D:\Program Files\Java\jdk1.8.0_92\jre\bin"/>
    <property name="sun.java.command" value="C:\Users\ggh\AppData\Local\Temp\surefire7556664012054849510\surefirebooter4878563564514787525.jar C:\Users\ggh\AppData\Local\Temp\surefire7556664012054849510 2020-06-16T17-45-29_604-jvmRun1 surefire477611414937522149tmp surefire_06506914399754991889tmp"/>
    <property name="surefire.test.class.path" value="D:\workspace\workhard\target\test-classes;D:\workspace\workhard\target\classes;D:\Program Files\Git\repository2\junit\junit\4.12\junit-4.12.jar;D:\Program Files\Git\repository2\org\hamcrest\hamcrest-core\1.3\hamcrest-core-1.3.jar;D:\Program Files\Git\repository2\org\seleniumhq\selenium\selenium-java\3.4.0\selenium-java-3.4.0.jar;D:\Program Files\Git\repository2\org\seleniumhq\selenium\selenium-api\3.4.0\selenium-api-3.4.0.jar;D:\Program Files\Git\repository2\org\seleniumhq\selenium\selenium-chrome-driver\3.4.0\selenium-chrome-driver-3.4.0.jar;D:\Program Files\Git\repository2\org\seleniumhq\selenium\selenium-edge-driver\3.4.0\selenium-edge-driver-3.4.0.jar;D:\Program Files\Git\repository2\org\seleniumhq\selenium\selenium-firefox-driver\3.4.0\selenium-firefox-driver-3.4.0.jar;D:\Program Files\Git\repository2\org\seleniumhq\selenium\selenium-ie-driver\3.4.0\selenium-ie-driver-3.4.0.jar;D:\Program Files\Git\repository2\org\seleniumhq\selenium\selenium-opera-driver\3.4.0\selenium-opera-driver-3.4.0.jar;D:\Program Files\Git\repository2\org\seleniumhq\selenium\selenium-remote-driver\3.4.0\selenium-remote-driver-3.4.0.jar;D:\Program Files\Git\repository2\org\seleniumhq\selenium\selenium-safari-driver\3.4.0\selenium-safari-driver-3.4.0.jar;D:\Program Files\Git\repository2\org\seleniumhq\selenium\selenium-support\3.4.0\selenium-support-3.4.0.jar;D:\Program Files\Git\repository2\cglib\cglib-nodep\3.2.4\cglib-nodep-3.2.4.jar;D:\Program Files\Git\repository2\org\apache\commons\commons-exec\1.3\commons-exec-1.3.jar;D:\Program Files\Git\repository2\org\apache\commons\commons-lang3\3.5\commons-lang3-3.5.jar;D:\Program Files\Git\repository2\commons-codec\commons-codec\1.10\commons-codec-1.10.jar;D:\Program Files\Git\repository2\commons-io\commons-io\2.5\commons-io-2.5.jar;D:\Program Files\Git\repository2\commons-logging\commons-logging\1.2\commons-logging-1.2.jar;D:\Program Files\Git\repository2\org\w3c\css\sac\1.3\sac-1.3.jar;D:\Program Files\Git\repository2\net\sourceforge\cssparser\cssparser\0.9.22\cssparser-0.9.22.jar;D:\Program Files\Git\repository2\com\google\code\gson\gson\2.8.0\gson-2.8.0.jar;D:\Program Files\Git\repository2\com\google\guava\guava\21.0\guava-21.0.jar;D:\Program Files\Git\repository2\net\sourceforge\htmlunit\htmlunit\2.26\htmlunit-2.26.jar;D:\Program Files\Git\repository2\net\sourceforge\htmlunit\htmlunit-core-js\2.26\htmlunit-core-js-2.26.jar;D:\Program Files\Git\repository2\net\sourceforge\htmlunit\neko-htmlunit\2.25\neko-htmlunit-2.25.jar;D:\Program Files\Git\repository2\org\apache\httpcomponents\httpclient\4.5.3\httpclient-4.5.3.jar;D:\Program Files\Git\repository2\org\apache\httpcomponents\httpcore\4.4.6\httpcore-4.4.6.jar;D:\Program Files\Git\repository2\org\apache\httpcomponents\httpmime\4.5.3\httpmime-4.5.3.jar;D:\Program Files\Git\repository2\org\eclipse\jetty\jetty-io\9.4.1.v20170120\jetty-io-9.4.1.v20170120.jar;D:\Program Files\Git\repository2\org\eclipse\jetty\jetty-util\9.4.1.v20170120\jetty-util-9.4.1.v20170120.jar;D:\Program Files\Git\repository2\net\java\dev\jna\jna-platform\4.1.0\jna-platform-4.1.0.jar;D:\Program Files\Git\repository2\com\codeborne\phantomjsdriver\1.4.0\phantomjsdriver-1.4.0.jar;D:\Program Files\Git\repository2\org\seleniumhq\selenium\htmlunit-driver\2.26\htmlunit-driver-2.26.jar;D:\Program Files\Git\repository2\javax\servlet\javax.servlet-api\3.1.0\javax.servlet-api-3.1.0.jar;D:\Program Files\Git\repository2\org\eclipse\jetty\websocket\websocket-api\9.4.3.v20170317\websocket-api-9.4.3.v20170317.jar;D:\Program Files\Git\repository2\org\eclipse\jetty\websocket\websocket-client\9.4.3.v20170317\websocket-client-9.4.3.v20170317.jar;D:\Program Files\Git\repository2\org\eclipse\jetty\jetty-client\9.4.3.v20170317\jetty-client-9.4.3.v20170317.jar;D:\Program Files\Git\repository2\org\eclipse\jetty\jetty-http\9.4.3.v20170317\jetty-http-9.4.3.v20170317.jar;D:\Program Files\Git\repository2\org\eclipse\jetty\websocket\websocket-common\9.4.3.v20170317\websocket-common-9.4.3.v20170317.jar;D:\Program Files\Git\repository2\xalan\serializer\2.7.2\serializer-2.7.2.jar;D:\Program Files\Git\repository2\xalan\xalan\2.7.2\xalan-2.7.2.jar;D:\Program Files\Git\repository2\xerces\xercesImpl\2.11.0\xercesImpl-2.11.0.jar;D:\Program Files\Git\repository2\xml-apis\xml-apis\1.4.01\xml-apis-1.4.01.jar;D:\Program Files\Git\repository2\commons-dbutils\commons-dbutils\1.6\commons-dbutils-1.6.jar;D:\Program Files\Git\repository2\com\alibaba\fastjson\1.2.54\fastjson-1.2.54.jar;D:\Program Files\Git\repository2\org\apache\logging\log4j\log4j-api\2.10.0\log4j-api-2.10.0.jar;D:\Program Files\Git\repository2\org\apache\logging\log4j\log4j-core\2.10.0\log4j-core-2.10.0.jar;D:\Program Files\Git\repository2\org\apache\poi\poi-ooxml\3.17\poi-ooxml-3.17.jar;D:\Program Files\Git\repository2\org\apache\poi\poi\3.17\poi-3.17.jar;D:\Program Files\Git\repository2\org\apache\commons\commons-collections4\4.1\commons-collections4-4.1.jar;D:\Program Files\Git\repository2\org\apache\poi\poi-ooxml-schemas\3.17\poi-ooxml-schemas-3.17.jar;D:\Program Files\Git\repository2\org\apache\xmlbeans\xmlbeans\2.6.0\xmlbeans-2.6.0.jar;D:\Program Files\Git\repository2\stax\stax-api\1.0.1\stax-api-1.0.1.jar;D:\Program Files\Git\repository2\com\github\virtuald\curvesapi\1.04\curvesapi-1.04.jar;D:\Program Files\Git\repository2\net\java\dev\jna\jna\4.1.0\jna-4.1.0.jar;D:\Program Files\Git\repository2\org\testng\testng\6.14.2\testng-6.14.2.jar;D:\Program Files\Git\repository2\com\beust\jcommander\1.72\jcommander-1.72.jar;D:\Program Files\Git\repository2\org\apache-extras\beanshell\bsh\2.0b6\bsh-2.0b6.jar;D:\Program Files\Git\repository2\io\qameta\allure\allure-testng\2.6.0\allure-testng-2.6.0.jar;D:\Program Files\Git\repository2\io\qameta\allure\allure-descriptions-javadoc\2.6.0\allure-descriptions-javadoc-2.6.0.jar;D:\Program Files\Git\repository2\io\qameta\allure\allure-java-commons\2.6.0\allure-java-commons-2.6.0.jar;D:\Program Files\Git\repository2\io\qameta\allure\allure2-model-api\1.0-BETA6\allure2-model-api-1.0-BETA6.jar;D:\Program Files\Git\repository2\io\qameta\allure\allure2-model-pojo\1.0-BETA6\allure2-model-pojo-1.0-BETA6.jar;D:\Program Files\Git\repository2\org\apache\tika\tika-core\1.14\tika-core-1.14.jar;D:\Program Files\Git\repository2\io\qameta\allure\allure2-model-jackson\1.0-BETA6\allure2-model-jackson-1.0-BETA6.jar;D:\Program Files\Git\repository2\com\fasterxml\jackson\core\jackson-databind\2.7.0\jackson-databind-2.7.0.jar;D:\Program Files\Git\repository2\com\fasterxml\jackson\core\jackson-annotations\2.7.0\jackson-annotations-2.7.0.jar;D:\Program Files\Git\repository2\com\fasterxml\jackson\core\jackson-core\2.7.0\jackson-core-2.7.0.jar;D:\Program Files\Git\repository2\com\fasterxml\jackson\module\jackson-module-jaxb-annotations\2.7.0\jackson-module-jaxb-annotations-2.7.0.jar;D:\Program Files\Git\repository2\org\aspectj\aspectjrt\1.8.10\aspectjrt-1.8.10.jar;D:\Program Files\Git\repository2\org\jooq\joor\0.9.6\joor-0.9.6.jar;D:\Program Files\Git\repository2\org\slf4j\slf4j-simple\1.7.25\slf4j-simple-1.7.25.jar;D:\Program Files\Git\repository2\org\slf4j\slf4j-api\1.7.25\slf4j-api-1.7.25.jar;D:\Program Files\Git\repository2\io\appium\java-client\3.3.0\java-client-3.3.0.jar;D:\Program Files\Git\repository2\cglib\cglib\3.1\cglib-3.1.jar;D:\Program Files\Git\repository2\org\ow2\asm\asm\4.2\asm-4.2.jar;D:\Program Files\Git\repository2\commons-validator\commons-validator\1.4.1\commons-validator-1.4.1.jar;D:\Program Files\Git\repository2\commons-beanutils\commons-beanutils\1.8.3\commons-beanutils-1.8.3.jar;D:\Program Files\Git\repository2\commons-digester\commons-digester\1.8.1\commons-digester-1.8.1.jar;D:\Program Files\Git\repository2\commons-collections\commons-collections\3.2.1\commons-collections-3.2.1.jar;D:\Program Files\Git\repository2\org\apache\maven\surefire\surefire-testng-utils\2.22.0\surefire-testng-utils-2.22.0.jar;D:\Program Files\Git\repository2\org\apache\maven\surefire\surefire-grouper\2.22.0\surefire-grouper-2.22.0.jar;"/>
    <property name="sun.cpu.endian" value="little"/>
    <property name="user.home" value="C:\Users\ggh"/>
    <property name="user.language" value="zh"/>
    <property name="java.specification.vendor" value="Oracle Corporation"/>
    <property name="java.home" value="D:\Program Files\Java\jdk1.8.0_92\jre"/>
    <property name="basedir" value="D:\workspace\workhard"/>
    <property name="file.separator" value="\"/>
    <property name="line.separator" value="&#10;"/>
    <property name="java.vm.specification.vendor" value="Oracle Corporation"/>
    <property name="java.specification.name" value="Java Platform API Specification"/>
    <property name="java.awt.graphicsenv" value="sun.awt.Win32GraphicsEnvironment"/>
    <property name="surefire.real.class.path" value="C:\Users\ggh\AppData\Local\Temp\surefire7556664012054849510\surefirebooter4878563564514787525.jar;D:\Program Files\Git\repository2\org\aspectj\aspectjweaver\1.8.5\aspectjweaver-1.8.5.jar"/>
    <property name="sun.boot.class.path" value="D:\Program Files\Java\jdk1.8.0_92\jre\lib\resources.jar;D:\Program Files\Java\jdk1.8.0_92\jre\lib\rt.jar;D:\Program Files\Java\jdk1.8.0_92\jre\lib\sunrsasign.jar;D:\Program Files\Java\jdk1.8.0_92\jre\lib\jsse.jar;D:\Program Files\Java\jdk1.8.0_92\jre\lib\jce.jar;D:\Program Files\Java\jdk1.8.0_92\jre\lib\charsets.jar;D:\Program Files\Java\jdk1.8.0_92\jre\lib\jfr.jar;D:\Program Files\Java\jdk1.8.0_92\jre\classes"/>
    <property name="user.script" value=""/>
    <property name="sun.management.compiler" value="HotSpot 64-Bit Tiered Compilers"/>
    <property name="java.runtime.version" value="1.8.0_92-b14"/>
    <property name="user.name" value="ggh"/>
    <property name="path.separator" value=";"/>
    <property name="os.version" value="10.0"/>
    <property name="java.endorsed.dirs" value="D:\Program Files\Java\jdk1.8.0_92\jre\lib\endorsed"/>
    <property name="java.runtime.name" value="Java(TM) SE Runtime Environment"/>
    <property name="file.encoding" value="GBK"/>
    <property name="java.vm.name" value="Java HotSpot(TM) 64-Bit Server VM"/>
    <property name="localRepository" value="D:\Program Files\Git\repository2"/>
    <property name="java.vendor.url.bug" value="http://bugreport.sun.com/bugreport/"/>
    <property name="java.io.tmpdir" value="C:\Users\ggh\AppData\Local\Temp\"/>
    <property name="java.version" value="1.8.0_92"/>
    <property name="user.dir" value="D:\workspace\workhard"/>
    <property name="os.arch" value="amd64"/>
    <property name="java.vm.specification.name" value="Java Virtual Machine Specification"/>
    <property name="java.awt.printerjob" value="sun.awt.windows.WPrinterJob"/>
    <property name="idea.version2019.1.3" value="true"/>
    <property name="sun.os.patch.level" value=""/>
    <property name="java.library.path" value="D:\Program Files\Java\jdk1.8.0_92\jre\bin;C:\Windows\Sun\Java\bin;C:\Windows\system32;C:\Windows;C:\ProgramData\DockerDesktop\version-bin;C:\Program Files\Docker\Docker\Resources\bin;C:\ProgramData\Oracle\Java\javapath;C:\Windows\system32;C:\Windows;C:\Windows\System32\Wbem;C:\Windows\System32\WindowsPowerShell\v1.0\;D:\Program Files\Java\jdk1.8.0_92\bin;D:\apache-jmeter-5.0\apache-jmeter-5.0\bin;C:\strawberry\c\bin;C:\strawberry\perl\bin;D:\Program Files\Git\cmd;D:\Maven\apache-maven-3.6.0-bin\apache-maven-3.6.0\bin;D:\Program Files\gradle-4.8.1\bin;D:\Program Files\adc;D:\Program Files\curl-7.65.3-win64-mingw\bin;D:\Program Files\python-3.7.4-amd64;D:\Program Files\OpenSSH\bin;D:\Program Files\Git\bin;C:\Program Files\nodejs\;D:\Program Files (x86)\Android\android-sdk\platform-tools;D:\Program Files (x86)\Android\android-sdk\tools;D:\Program Files (x86)\Appium\node_modules\.bin;C:\Users\ggh\AppData\Local\Microsoft\WindowsApps;C:\Users\ggh\AppData\Roaming\npm;."/>
    <property name="java.vm.info" value="mixed mode"/>
    <property name="java.vendor" value="Oracle Corporation"/>
    <property name="java.vm.version" value="25.92-b14"/>
    <property name="java.ext.dirs" value="D:\Program Files\Java\jdk1.8.0_92\jre\lib\ext;C:\Windows\Sun\Java\lib\ext"/>
    <property name="sun.io.unicode.encoding" value="UnicodeLittle"/>
    <property name="maven.repo.local" value="D:\Program Files\Git\repository2"/>
    <property name="java.class.version" value="52.0"/>
  </properties>
  <testcase name="plus" classname="utils.AppDemo" time="34.803"/>
</testsuite>