<?xml version="1.0" encoding="UTF-8"?>
<!-- Generated by org.testng.reporters.JUnitReportReporter -->
<testsuite skipped="0" hostname="kongxufeng-pc" name="ragz.ragz" tests="1" failures="0" timestamp="22 十一月 2019 09:31:16 GMT" time="39.824" errors="0">
  <testcase name="ragz" time="39.824" classname="ragz.ragz"/>
</testsuite> <!-- ragz.ragz -->
